<?xml version="1.0" encoding="UTF-8" ?>
<testsuites>
<testsuite name="multiplication" errors="0" tests="2" failures="0" time="0" timestamp="2014-04-24T19:27:27">
  <testcase classname="multiplication" name="should multiply 2 and 3" time="0"></testcase>
  <testcase classname="multiplication" name="should multiply 3 and 3" time="0"></testcase>
</testsuite>
</testsuites>